<?xml version="1.0" encoding="UTF-8"?>
<!-- Generated by org.testng.reporters.JUnitReportReporter -->
<testsuite hostname="BDC14-L-115FVMT" failures="1" tests="2" name="Day3.Headers" time="2.022" errors="0" timestamp="2024-03-07T17:38:34 IST" skipped="1">
  <testcase classname="Day3.Headers" name="getCookies" time="2.022">
    <failure message="1 expectation failed.
Expected header &quot;Content-Type&quot; was not &quot;text/html; charset=utf-8&quot;, was &quot;text/html; charset=ISO-8859-1&quot;. Headers are:
Date=Thu, 07 Mar 2024 12:08:34 GMT
Expires=-1
Cache-Control=private, max-age=0
Content-Type=text/html; charset=ISO-8859-1
Content-Security-Policy-Report-Only=object-src &#039;none&#039;;base-uri &#039;self&#039;;script-src &#039;nonce-4RAWR1jNy9upGe9BaRJJCA&#039; &#039;strict-dynamic&#039; &#039;report-sample&#039; &#039;unsafe-eval&#039; &#039;unsafe-inline&#039; https: http:;report-uri https://csp.withgoogle.com/csp/gws/other-hp
P3P=CP=&quot;This is not a P3P policy! See g.co/p3phelp for more info.&quot;
Content-Encoding=gzip
Server=gws
X-XSS-Protection=0
X-Frame-Options=SAMEORIGIN
Set-Cookie=1P_JAR=2024-03-07-12; expires=Sat, 06-Apr-2024 12:08:34 GMT; path=/; domain=.google.com; Secure
Set-Cookie=AEC=Ae3NU9PSH_Tqo2LWvn7Q34iXuHMs-pEEP8frjEkIisODgPr6K2BXFSxbcSY; expires=Tue, 03-Sep-2024 12:08:34 GMT; path=/; domain=.google.com; Secure; HttpOnly; SameSite=lax
Set-Cookie=NID=512=C1u33KQyErkLX5RXYbmb3VPNELb6YEA6h-NCEEY7j4Vxrzn5DQnhwB_mN7gie_OPcgZ1fYTG8k1Y2vODeRkGiKoCJb2zc6J4--NB819yeJFy76faXfQ_--LullNs4QBQpb2M03qGB-UqDSUQdt7tcmaq83OouthVy4h_VzBJrx0; expires=Fri, 06-Sep-2024 12:08:34 GMT; path=/; domain=.google.com; HttpOnly
Alt-Svc=h3=&quot;:443&quot;; ma=2592000,h3-29=&quot;:443&quot;; ma=2592000
Transfer-Encoding=chunked
" type="java.lang.AssertionError">
      <![CDATA[java.lang.AssertionError: 1 expectation failed.
Expected header "Content-Type" was not "text/html; charset=utf-8", was "text/html; charset=ISO-8859-1". Headers are:
Date=Thu, 07 Mar 2024 12:08:34 GMT
Expires=-1
Cache-Control=private, max-age=0
Content-Type=text/html; charset=ISO-8859-1
Content-Security-Policy-Report-Only=object-src 'none';base-uri 'self';script-src 'nonce-4RAWR1jNy9upGe9BaRJJCA' 'strict-dynamic' 'report-sample' 'unsafe-eval' 'unsafe-inline' https: http:;report-uri https://csp.withgoogle.com/csp/gws/other-hp
P3P=CP="This is not a P3P policy! See g.co/p3phelp for more info."
Content-Encoding=gzip
Server=gws
X-XSS-Protection=0
X-Frame-Options=SAMEORIGIN
Set-Cookie=1P_JAR=2024-03-07-12; expires=Sat, 06-Apr-2024 12:08:34 GMT; path=/; domain=.google.com; Secure
Set-Cookie=AEC=Ae3NU9PSH_Tqo2LWvn7Q34iXuHMs-pEEP8frjEkIisODgPr6K2BXFSxbcSY; expires=Tue, 03-Sep-2024 12:08:34 GMT; path=/; domain=.google.com; Secure; HttpOnly; SameSite=lax
Set-Cookie=NID=512=C1u33KQyErkLX5RXYbmb3VPNELb6YEA6h-NCEEY7j4Vxrzn5DQnhwB_mN7gie_OPcgZ1fYTG8k1Y2vODeRkGiKoCJb2zc6J4--NB819yeJFy76faXfQ_--LullNs4QBQpb2M03qGB-UqDSUQdt7tcmaq83OouthVy4h_VzBJrx0; expires=Fri, 06-Sep-2024 12:08:34 GMT; path=/; domain=.google.com; HttpOnly
Alt-Svc=h3=":443"; ma=2592000,h3-29=":443"; ma=2592000
Transfer-Encoding=chunked

at java.base/jdk.internal.reflect.NativeConstructorAccessorImpl.newInstance0(Native Method)
at java.base/jdk.internal.reflect.NativeConstructorAccessorImpl.newInstance(NativeConstructorAccessorImpl.java:77)
at java.base/jdk.internal.reflect.DelegatingConstructorAccessorImpl.newInstance(DelegatingConstructorAccessorImpl.java:45)
at java.base/java.lang.reflect.Constructor.newInstanceWithCaller(Constructor.java:499)
at java.base/java.lang.reflect.Constructor.newInstance(Constructor.java:480)
at org.codehaus.groovy.reflection.CachedConstructor.invoke(CachedConstructor.java:73)
at org.codehaus.groovy.runtime.callsite.ConstructorSite$ConstructorSiteNoUnwrapNoCoerce.callConstructor(ConstructorSite.java:108)
at org.codehaus.groovy.runtime.callsite.CallSiteArray.defaultCallConstructor(CallSiteArray.java:57)
at org.codehaus.groovy.runtime.callsite.AbstractCallSite.callConstructor(AbstractCallSite.java:263)
at org.codehaus.groovy.runtime.callsite.AbstractCallSite.callConstructor(AbstractCallSite.java:277)
at io.restassured.internal.ResponseSpecificationImpl$HamcrestAssertionClosure.validate(ResponseSpecificationImpl.groovy:512)
at io.restassured.internal.ResponseSpecificationImpl$HamcrestAssertionClosure$validate$1.call(Unknown Source)
at org.codehaus.groovy.runtime.callsite.CallSiteArray.defaultCall(CallSiteArray.java:45)
at org.codehaus.groovy.runtime.callsite.AbstractCallSite.call(AbstractCallSite.java:125)
at org.codehaus.groovy.runtime.callsite.AbstractCallSite.call(AbstractCallSite.java:139)
at io.restassured.internal.ResponseSpecificationImpl.validateResponseIfRequired(ResponseSpecificationImpl.groovy:696)
at io.restassured.internal.ResponseSpecificationImpl.this$2$validateResponseIfRequired(ResponseSpecificationImpl.groovy)
at java.base/jdk.internal.reflect.NativeMethodAccessorImpl.invoke0(Native Method)
at java.base/jdk.internal.reflect.NativeMethodAccessorImpl.invoke(NativeMethodAccessorImpl.java:77)
at java.base/jdk.internal.reflect.DelegatingMethodAccessorImpl.invoke(DelegatingMethodAccessorImpl.java:43)
at java.base/java.lang.reflect.Method.invoke(Method.java:568)
at org.codehaus.groovy.runtime.callsite.PlainObjectMetaMethodSite.doInvoke(PlainObjectMetaMethodSite.java:43)
at org.codehaus.groovy.runtime.callsite.PogoMetaMethodSite$PogoCachedMethodSiteNoUnwrapNoCoerce.invoke(PogoMetaMethodSite.java:198)
at org.codehaus.groovy.runtime.callsite.PogoMetaMethodSite.callCurrent(PogoMetaMethodSite.java:62)
at org.codehaus.groovy.runtime.callsite.CallSiteArray.defaultCallCurrent(CallSiteArray.java:49)
at org.codehaus.groovy.runtime.callsite.AbstractCallSite.callCurrent(AbstractCallSite.java:171)
at org.codehaus.groovy.runtime.callsite.AbstractCallSite.callCurrent(AbstractCallSite.java:185)
at io.restassured.internal.ResponseSpecificationImpl.header(ResponseSpecificationImpl.groovy:191)
at io.restassured.specification.ResponseSpecification$header$0.callCurrent(Unknown Source)
at org.codehaus.groovy.runtime.callsite.CallSiteArray.defaultCallCurrent(CallSiteArray.java:49)
at org.codehaus.groovy.runtime.callsite.AbstractCallSite.callCurrent(AbstractCallSite.java:171)
at org.codehaus.groovy.runtime.callsite.AbstractCallSite.callCurrent(AbstractCallSite.java:194)
at io.restassured.internal.ResponseSpecificationImpl.header(ResponseSpecificationImpl.groovy:198)
at io.restassured.internal.ValidatableResponseOptionsImpl.header(ValidatableResponseOptionsImpl.java:124)
at Day3.Headers.getCookies(Headers.java:29)
at java.base/jdk.internal.reflect.NativeMethodAccessorImpl.invoke0(Native Method)
at java.base/jdk.internal.reflect.NativeMethodAccessorImpl.invoke(NativeMethodAccessorImpl.java:77)
at java.base/jdk.internal.reflect.DelegatingMethodAccessorImpl.invoke(DelegatingMethodAccessorImpl.java:43)
at java.base/java.lang.reflect.Method.invoke(Method.java:568)
at org.testng.internal.invokers.MethodInvocationHelper.invokeMethod(MethodInvocationHelper.java:139)
at org.testng.internal.invokers.TestInvoker.invokeMethod(TestInvoker.java:664)
at org.testng.internal.invokers.TestInvoker.invokeTestMethod(TestInvoker.java:228)
at org.testng.internal.invokers.MethodRunner.runInSequence(MethodRunner.java:63)
at org.testng.internal.invokers.TestInvoker$MethodInvocationAgent.invoke(TestInvoker.java:961)
at org.testng.internal.invokers.TestInvoker.invokeTestMethods(TestInvoker.java:201)
at org.testng.internal.invokers.TestMethodWorker.invokeTestMethods(TestMethodWorker.java:148)
at org.testng.internal.invokers.TestMethodWorker.run(TestMethodWorker.java:128)
at java.base/java.util.ArrayList.forEach(ArrayList.java:1511)
at org.testng.TestRunner.privateRun(TestRunner.java:819)
at org.testng.TestRunner.run(TestRunner.java:619)
at org.testng.SuiteRunner.runTest(SuiteRunner.java:443)
at org.testng.SuiteRunner.runSequentially(SuiteRunner.java:437)
at org.testng.SuiteRunner.privateRun(SuiteRunner.java:397)
at org.testng.SuiteRunner.run(SuiteRunner.java:336)
at org.testng.SuiteRunnerWorker.runSuite(SuiteRunnerWorker.java:52)
at org.testng.SuiteRunnerWorker.run(SuiteRunnerWorker.java:95)
at org.testng.TestNG.runSuitesSequentially(TestNG.java:1301)
at org.testng.TestNG.runSuitesLocally(TestNG.java:1228)
at org.testng.TestNG.runSuites(TestNG.java:1134)
at org.testng.TestNG.run(TestNG.java:1101)
at org.testng.remote.AbstractRemoteTestNG.run(AbstractRemoteTestNG.java:115)
at org.testng.remote.RemoteTestNG.initAndRun(RemoteTestNG.java:251)
at org.testng.remote.RemoteTestNG.main(RemoteTestNG.java:77)
]]>
    </failure>
  </testcase> <!-- getCookies -->
  <testcase classname="Day3.Headers" name="getSingleCookies">
    <skipped/>
  </testcase> <!-- getSingleCookies -->
</testsuite> <!-- Day3.Headers -->
